<?xml version="1.0" encoding="UTF-8"?>
<!-- Generated by org.testng.reporters.JUnitXMLReporter -->
<testsuite hostname="DESKTOP-BIBUOF0" ignored="0" name="FirefoxTest" tests="1" failures="0" timestamp="02 Dec 2019 08:08:17 GMT" time="6.945" errors="0">
  <testcase name="@BeforeMethod openApp" time="6.868" classname="generic.BaseTest">
    <failure type="org.openqa.selenium.WebDriverException" message="Process unexpectedly closed with status 0
Build info: version: &amp;apos;4.0.0-alpha-3&amp;apos;, revision: &amp;apos;8c567de6dc&amp;apos;
System info: host: &amp;apos;DESKTOP-BIBUOF0&amp;apos;, ip: &amp;apos;192.168.43.191&amp;apos;, os.name: &amp;apos;Windows 10&amp;apos;, os.arch: &amp;apos;amd64&amp;apos;, os.version: &amp;apos;10.0&amp;apos;, java.version: &amp;apos;1.8.0_144&amp;apos;
Driver info: driver.version: FirefoxDriver
remote stacktrace: ">
      <![CDATA[org.openqa.selenium.WebDriverException: Process unexpectedly closed with status 0Build info: version: '4.0.0-alpha-3', revision: '8c567de6dc'System info: host: 'DESKTOP-BIBUOF0', ip: '192.168.43.191', os.name: 'Windows 10', os.arch: 'amd64', os.version: '10.0', java.version: '1.8.0_144'Driver info: driver.version: FirefoxDriverremote stacktrace: at org.openqa.selenium.remote.W3CHandshakeResponse.lambda$errorHandler$0(W3CHandshakeResponse.java:62)at org.openqa.selenium.remote.HandshakeResponse.lambda$getResponseFunction$0(HandshakeResponse.java:30)at org.openqa.selenium.remote.ProtocolHandshake.lambda$createSession$1(ProtocolHandshake.java:127)at java.util.stream.ReferencePipeline$3$1.accept(ReferencePipeline.java:193)at java.util.Spliterators$ArraySpliterator.tryAdvance(Spliterators.java:958)at java.util.stream.ReferencePipeline.forEachWithCancel(ReferencePipeline.java:126)at java.util.stream.AbstractPipeline.copyIntoWithCancel(AbstractPipeline.java:498)at java.util.stream.AbstractPipeline.copyInto(AbstractPipeline.java:485)at java.util.stream.AbstractPipeline.wrapAndCopyInto(AbstractPipeline.java:471)at java.util.stream.FindOps$FindOp.evaluateSequential(FindOps.java:152)at java.util.stream.AbstractPipeline.evaluate(AbstractPipeline.java:234)at java.util.stream.ReferencePipeline.findFirst(ReferencePipeline.java:464)at org.openqa.selenium.remote.ProtocolHandshake.createSession(ProtocolHandshake.java:129)at org.openqa.selenium.remote.ProtocolHandshake.createSession(ProtocolHandshake.java:75)at org.openqa.selenium.remote.HttpCommandExecutor.execute(HttpCommandExecutor.java:139)at org.openqa.selenium.remote.service.DriverCommandExecutor.execute(DriverCommandExecutor.java:83)at org.openqa.selenium.remote.RemoteWebDriver.execute(RemoteWebDriver.java:576)at org.openqa.selenium.remote.RemoteWebDriver.startSession(RemoteWebDriver.java:210)at org.openqa.selenium.remote.RemoteWebDriver.<init>(RemoteWebDriver.java:130)at org.openqa.selenium.firefox.FirefoxDriver.<init>(FirefoxDriver.java:154)at org.openqa.selenium.firefox.FirefoxDriver.<init>(FirefoxDriver.java:132)at generic.BaseTest.openApp(BaseTest.java:36)... Removed 32 stack frames]]>
    </failure>
  </testcase> <!-- @BeforeMethod openApp -->
  <testcase name="@AfterMethod closeApp" time="0.0" classname="generic.BaseTest">
    <skipped/>
  </testcase> <!-- @AfterMethod closeApp -->
  <testcase name="testValidLogin" time="0.0" classname="script.ValidLogin">
    <skipped/>
  </testcase> <!-- testValidLogin -->
</testsuite> <!-- FirefoxTest -->
